This file contains any messages produced by compilers while
running configure, to aid debugging if configure makes a mistake.

It was created by FileZilla Server configure 1.7.3, which was
generated by GNU Autoconf 2.71.  Invocation command line was

  $ ./configure --with-pugixml=builtin

## --------- ##
## Platform. ##
## --------- ##

hostname = kali
uname -m = x86_64
uname -r = 5.18.0-kali5-amd64
uname -s = Linux
uname -v = #1 SMP PREEMPT_DYNAMIC Debian 5.18.5-1kali6 (2022-07-07)

/usr/bin/uname -p = unknown
/bin/uname -X     = unknown

/bin/arch              = x86_64
/usr/bin/arch -k       = unknown
/usr/convex/getsysinfo = unknown
/usr/bin/hostinfo      = unknown
/bin/machine           = unknown
/usr/bin/oslevel       = unknown
/bin/universe          = unknown

PATH: /home/kali/cov-analysis/bin/
PATH: /usr/local/sbin/
PATH: /usr/sbin/
PATH: /sbin/
PATH: /usr/local/bin/
PATH: /usr/bin/
PATH: /bin/
PATH: /usr/local/games/
PATH: /usr/games/


## ----------- ##
## Core tests. ##
## ----------- ##

configure:3138: looking for aux files: ltmain.sh compile ar-lib config.guess config.sub missing install-sh
configure:3151:  trying ./config/
configure:3180:   ./config/ltmain.sh found
configure:3180:   ./config/compile found
configure:3180:   ./config/ar-lib found
configure:3180:   ./config/config.guess found
configure:3180:   ./config/config.sub found
configure:3180:   ./config/missing found
configure:3162:   ./config/install-sh found
configure:3327: checking for a BSD-compatible install
configure:3400: result: /usr/bin/install -c
configure:3411: checking whether build environment is sane
configure:3466: result: yes
configure:3625: checking for a race-free mkdir -p
configure:3669: result: /usr/bin/mkdir -p
configure:3676: checking for gawk
configure:3697: found /usr/bin/gawk
configure:3708: result: gawk
configure:3719: checking whether make sets $(MAKE)
configure:3742: result: yes
configure:3772: checking whether make supports nested variables
configure:3790: result: yes
configure:3875: checking whether UID '1000' is supported by ustar format
configure:3878: result: yes
configure:3885: checking whether GID '1000' is supported by ustar format
configure:3888: result: yes
configure:3896: checking how to create a ustar tar archive
configure:3907: tar --version
tar (GNU tar) 1.34
Copyright (C) 2021 Free Software Foundation, Inc.
License GPLv3+: GNU GPL version 3 or later <https://gnu.org/licenses/gpl.html>.
This is free software: you are free to change and redistribute it.
There is NO WARRANTY, to the extent permitted by law.

Written by John Gilmore and Jay Fenlason.
configure:3910: $? = 0
configure:3950: tardir=conftest.dir && eval tar --format=ustar -chf - "$tardir" >conftest.tar
configure:3953: $? = 0
configure:3957: tar -xf - <conftest.tar
configure:3960: $? = 0
configure:3962: cat conftest.dir/file
GrepMe
configure:3965: $? = 0
configure:3979: result: gnutar
configure:4049: checking build system type
configure:4064: result: x86_64-pc-linux-gnu
configure:4084: checking host system type
configure:4098: result: x86_64-pc-linux-gnu
configure:4187: checking for g++
configure:4208: found /usr/bin/g++
configure:4219: result: g++
configure:4246: checking for C++ compiler version
configure:4255: g++ --version >&5
g++ (Debian 12.2.0-13) 12.2.0
Copyright (C) 2022 Free Software Foundation, Inc.
This is free software; see the source for copying conditions.  There is NO
warranty; not even for MERCHANTABILITY or FITNESS FOR A PARTICULAR PURPOSE.

configure:4266: $? = 0
configure:4255: g++ -v >&5
Using built-in specs.
COLLECT_GCC=g++
COLLECT_LTO_WRAPPER=/usr/lib/gcc/x86_64-linux-gnu/12/lto-wrapper
OFFLOAD_TARGET_NAMES=nvptx-none:amdgcn-amdhsa
OFFLOAD_TARGET_DEFAULT=1
Target: x86_64-linux-gnu
Configured with: ../src/configure -v --with-pkgversion='Debian 12.2.0-13' --with-bugurl=file:///usr/share/doc/gcc-12/README.Bugs --enable-languages=c,ada,c++,go,d,fortran,objc,obj-c++,m2 --prefix=/usr --with-gcc-major-version-only --program-suffix=-12 --program-prefix=x86_64-linux-gnu- --enable-shared --enable-linker-build-id --libexecdir=/usr/lib --without-included-gettext --enable-threads=posix --libdir=/usr/lib --enable-nls --enable-clocale=gnu --enable-libstdcxx-debug --enable-libstdcxx-time=yes --with-default-libstdcxx-abi=new --enable-gnu-unique-object --disable-vtable-verify --enable-plugin --enable-default-pie --with-system-zlib --enable-libphobos-checking=release --with-target-system-zlib=auto --enable-objc-gc=auto --enable-multiarch --disable-werror --enable-cet --with-arch-32=i686 --with-abi=m64 --with-multilib-list=m32,m64,mx32 --enable-multilib --with-tune=generic --enable-offload-targets=nvptx-none=/build/gcc-12-PBog5r/gcc-12-12.2.0/debian/tmp-nvptx/usr,amdgcn-amdhsa=/build/gcc-12-PBog5r/gcc-12-12.2.0/debian/tmp-gcn/usr --enable-offload-defaulted --without-cuda-driver --enable-checking=release --build=x86_64-linux-gnu --host=x86_64-linux-gnu --target=x86_64-linux-gnu
Thread model: posix
Supported LTO compression algorithms: zlib zstd
gcc version 12.2.0 (Debian 12.2.0-13) 
... rest of stderr output deleted ...
configure:4266: $? = 0
configure:4255: g++ -V >&5
g++: error: unrecognized command-line option '-V'
g++: fatal error: no input files
compilation terminated.
configure:4266: $? = 1
configure:4255: g++ -qversion >&5
g++: error: unrecognized command-line option '-qversion'; did you mean '--version'?
g++: fatal error: no input files
compilation terminated.
configure:4266: $? = 1
configure:4286: checking whether the C++ compiler works
configure:4308: g++    conftest.cpp  >&5
configure:4312: $? = 0
configure:4362: result: yes
configure:4365: checking for C++ compiler default output file name
configure:4367: result: a.out
configure:4373: checking for suffix of executables
configure:4380: g++ -o conftest    conftest.cpp  >&5
configure:4384: $? = 0
configure:4407: result: 
configure:4429: checking whether we are cross compiling
configure:4437: g++ -o conftest    conftest.cpp  >&5
configure:4441: $? = 0
configure:4448: ./conftest
configure:4452: $? = 0
configure:4467: result: no
configure:4472: checking for suffix of object files
configure:4495: g++ -c   conftest.cpp >&5
configure:4499: $? = 0
configure:4521: result: o
configure:4525: checking whether the compiler supports GNU C++
configure:4545: g++ -c   conftest.cpp >&5
configure:4545: $? = 0
configure:4555: result: yes
configure:4566: checking whether g++ accepts -g
configure:4587: g++ -c -g  conftest.cpp >&5
configure:4587: $? = 0
configure:4631: result: yes
configure:4651: checking for g++ option to enable C++11 features
configure:4666: g++  -c -g -O2  conftest.cpp >&5
conftest.cpp: In function 'int main(int, char**)':
conftest.cpp:177:25: warning: empty parentheses were disambiguated as a function declaration [-Wvexing-parse]
  177 |   cxx11test::delegate d2();
      |                         ^~
conftest.cpp:177:25: note: remove parentheses to default-initialize a variable
  177 |   cxx11test::delegate d2();
      |                         ^~
      |                         --
conftest.cpp:177:25: note: or replace parentheses with braces to value-initialize a variable
configure:4666: $? = 0
configure:4684: result: none needed
configure:4751: checking whether make supports the include directive
configure:4766: make -f confmf.GNU && cat confinc.out
this is the am__doit target
configure:4769: $? = 0
configure:4788: result: yes (GNU style)
configure:4814: checking dependency style of g++
configure:4926: result: gcc3
configure:5001: checking for g++
configure:5022: found /usr/bin/g++
configure:5033: result: g++
configure:5058: checking for Objective C++ compiler version
configure:5067: g++ --version >&5
g++ (Debian 12.2.0-13) 12.2.0
Copyright (C) 2022 Free Software Foundation, Inc.
This is free software; see the source for copying conditions.  There is NO
warranty; not even for MERCHANTABILITY or FITNESS FOR A PARTICULAR PURPOSE.

configure:5078: $? = 0
configure:5067: g++ -v >&5
Using built-in specs.
COLLECT_GCC=g++
COLLECT_LTO_WRAPPER=/usr/lib/gcc/x86_64-linux-gnu/12/lto-wrapper
OFFLOAD_TARGET_NAMES=nvptx-none:amdgcn-amdhsa
OFFLOAD_TARGET_DEFAULT=1
Target: x86_64-linux-gnu
Configured with: ../src/configure -v --with-pkgversion='Debian 12.2.0-13' --with-bugurl=file:///usr/share/doc/gcc-12/README.Bugs --enable-languages=c,ada,c++,go,d,fortran,objc,obj-c++,m2 --prefix=/usr --with-gcc-major-version-only --program-suffix=-12 --program-prefix=x86_64-linux-gnu- --enable-shared --enable-linker-build-id --libexecdir=/usr/lib --without-included-gettext --enable-threads=posix --libdir=/usr/lib --enable-nls --enable-clocale=gnu --enable-libstdcxx-debug --enable-libstdcxx-time=yes --with-default-libstdcxx-abi=new --enable-gnu-unique-object --disable-vtable-verify --enable-plugin --enable-default-pie --with-system-zlib --enable-libphobos-checking=release --with-target-system-zlib=auto --enable-objc-gc=auto --enable-multiarch --disable-werror --enable-cet --with-arch-32=i686 --with-abi=m64 --with-multilib-list=m32,m64,mx32 --enable-multilib --with-tune=generic --enable-offload-targets=nvptx-none=/build/gcc-12-PBog5r/gcc-12-12.2.0/debian/tmp-nvptx/usr,amdgcn-amdhsa=/build/gcc-12-PBog5r/gcc-12-12.2.0/debian/tmp-gcn/usr --enable-offload-defaulted --without-cuda-driver --enable-checking=release --build=x86_64-linux-gnu --host=x86_64-linux-gnu --target=x86_64-linux-gnu
Thread model: posix
Supported LTO compression algorithms: zlib zstd
gcc version 12.2.0 (Debian 12.2.0-13) 
... rest of stderr output deleted ...
configure:5078: $? = 0
configure:5067: g++ -V >&5
g++: error: unrecognized command-line option '-V'
g++: fatal error: no input files
compilation terminated.
configure:5078: $? = 1
configure:5067: g++ -qversion >&5
g++: error: unrecognized command-line option '-qversion'; did you mean '--version'?
g++: fatal error: no input files
compilation terminated.
configure:5078: $? = 1
configure:5082: checking whether the compiler supports GNU Objective C++
configure:5102: g++ -c -g -O2  conftest.mm >&5
g++: fatal error: cannot execute 'cc1objplus': execvp: No such file or directory
compilation terminated.
configure:5102: $? = 1
configure: failed program was:
| /* confdefs.h */
| #define PACKAGE_NAME "FileZilla Server"
| #define PACKAGE_TARNAME "filezilla-server"
| #define PACKAGE_VERSION "1.7.3"
| #define PACKAGE_STRING "FileZilla Server 1.7.3"
| #define PACKAGE_BUGREPORT "Tim Kosse <tim.kosse@filezilla-project.org>"
| #define PACKAGE_URL "https://filezilla-project.org/"
| #define PACKAGE "filezilla-server"
| #define VERSION "1.7.3"
| /* end confdefs.h.  */
| 
| int
| main (void)
| {
| #ifndef __GNUC__
|        choke me
| #endif
| 
|   ;
|   return 0;
| }
configure:5112: result: no
configure:5123: checking whether g++ accepts -g
configure:5144: g++ -c -g  conftest.mm >&5
g++: fatal error: cannot execute 'cc1objplus': execvp: No such file or directory
compilation terminated.
configure:5144: $? = 1
configure: failed program was:
| /* confdefs.h */
| #define PACKAGE_NAME "FileZilla Server"
| #define PACKAGE_TARNAME "filezilla-server"
| #define PACKAGE_VERSION "1.7.3"
| #define PACKAGE_STRING "FileZilla Server 1.7.3"
| #define PACKAGE_BUGREPORT "Tim Kosse <tim.kosse@filezilla-project.org>"
| #define PACKAGE_URL "https://filezilla-project.org/"
| #define PACKAGE "filezilla-server"
| #define VERSION "1.7.3"
| /* end confdefs.h.  */
| 
| int
| main (void)
| {
| 
|   ;
|   return 0;
| }
configure:5160: g++ -c   conftest.mm >&5
g++: fatal error: cannot execute 'cc1objplus': execvp: No such file or directory
compilation terminated.
configure:5160: $? = 1
configure: failed program was:
| /* confdefs.h */
| #define PACKAGE_NAME "FileZilla Server"
| #define PACKAGE_TARNAME "filezilla-server"
| #define PACKAGE_VERSION "1.7.3"
| #define PACKAGE_STRING "FileZilla Server 1.7.3"
| #define PACKAGE_BUGREPORT "Tim Kosse <tim.kosse@filezilla-project.org>"
| #define PACKAGE_URL "https://filezilla-project.org/"
| #define PACKAGE "filezilla-server"
| #define VERSION "1.7.3"
| /* end confdefs.h.  */
| 
| int
| main (void)
| {
| 
|   ;
|   return 0;
| }
configure:5177: g++ -c -g  conftest.mm >&5
g++: fatal error: cannot execute 'cc1objplus': execvp: No such file or directory
compilation terminated.
configure:5177: $? = 1
configure: failed program was:
| /* confdefs.h */
| #define PACKAGE_NAME "FileZilla Server"
| #define PACKAGE_TARNAME "filezilla-server"
| #define PACKAGE_VERSION "1.7.3"
| #define PACKAGE_STRING "FileZilla Server 1.7.3"
| #define PACKAGE_BUGREPORT "Tim Kosse <tim.kosse@filezilla-project.org>"
| #define PACKAGE_URL "https://filezilla-project.org/"
| #define PACKAGE "filezilla-server"
| #define VERSION "1.7.3"
| /* end confdefs.h.  */
| 
| int
| main (void)
| {
| 
|   ;
|   return 0;
| }
configure:5188: result: no
configure:5213: checking dependency style of g++
configure:5323: result: gcc3
configure:5400: checking for gcc
configure:5421: found /usr/bin/gcc
configure:5432: result: gcc
configure:5785: checking for C compiler version
configure:5794: gcc --version >&5
gcc (Debian 12.2.0-13) 12.2.0
Copyright (C) 2022 Free Software Foundation, Inc.
This is free software; see the source for copying conditions.  There is NO
warranty; not even for MERCHANTABILITY or FITNESS FOR A PARTICULAR PURPOSE.

configure:5805: $? = 0
configure:5794: gcc -v >&5
Using built-in specs.
COLLECT_GCC=gcc
COLLECT_LTO_WRAPPER=/usr/lib/gcc/x86_64-linux-gnu/12/lto-wrapper
OFFLOAD_TARGET_NAMES=nvptx-none:amdgcn-amdhsa
OFFLOAD_TARGET_DEFAULT=1
Target: x86_64-linux-gnu
Configured with: ../src/configure -v --with-pkgversion='Debian 12.2.0-13' --with-bugurl=file:///usr/share/doc/gcc-12/README.Bugs --enable-languages=c,ada,c++,go,d,fortran,objc,obj-c++,m2 --prefix=/usr --with-gcc-major-version-only --program-suffix=-12 --program-prefix=x86_64-linux-gnu- --enable-shared --enable-linker-build-id --libexecdir=/usr/lib --without-included-gettext --enable-threads=posix --libdir=/usr/lib --enable-nls --enable-clocale=gnu --enable-libstdcxx-debug --enable-libstdcxx-time=yes --with-default-libstdcxx-abi=new --enable-gnu-unique-object --disable-vtable-verify --enable-plugin --enable-default-pie --with-system-zlib --enable-libphobos-checking=release --with-target-system-zlib=auto --enable-objc-gc=auto --enable-multiarch --disable-werror --enable-cet --with-arch-32=i686 --with-abi=m64 --with-multilib-list=m32,m64,mx32 --enable-multilib --with-tune=generic --enable-offload-targets=nvptx-none=/build/gcc-12-PBog5r/gcc-12-12.2.0/debian/tmp-nvptx/usr,amdgcn-amdhsa=/build/gcc-12-PBog5r/gcc-12-12.2.0/debian/tmp-gcn/usr --enable-offload-defaulted --without-cuda-driver --enable-checking=release --build=x86_64-linux-gnu --host=x86_64-linux-gnu --target=x86_64-linux-gnu
Thread model: posix
Supported LTO compression algorithms: zlib zstd
gcc version 12.2.0 (Debian 12.2.0-13) 
... rest of stderr output deleted ...
configure:5805: $? = 0
configure:5794: gcc -V >&5
gcc: error: unrecognized command-line option '-V'
gcc: fatal error: no input files
compilation terminated.
configure:5805: $? = 1
configure:5794: gcc -qversion >&5
gcc: error: unrecognized command-line option '-qversion'; did you mean '--version'?
gcc: fatal error: no input files
compilation terminated.
configure:5805: $? = 1
configure:5794: gcc -version >&5
gcc: error: unrecognized command-line option '-version'
gcc: fatal error: no input files
compilation terminated.
configure:5805: $? = 1
configure:5809: checking whether the compiler supports GNU C
configure:5829: gcc -c   conftest.c >&5
configure:5829: $? = 0
configure:5839: result: yes
configure:5850: checking whether gcc accepts -g
configure:5871: gcc -c -g  conftest.c >&5
configure:5871: $? = 0
configure:5915: result: yes
configure:5935: checking for gcc option to enable C11 features
configure:5950: gcc  -c -g -O2  conftest.c >&5
configure:5950: $? = 0
configure:5968: result: none needed
configure:6084: checking whether gcc understands -c and -o together
configure:6107: gcc -c conftest.c -o conftest2.o
configure:6110: $? = 0
configure:6107: gcc -c conftest.c -o conftest2.o
configure:6110: $? = 0
configure:6122: result: yes
configure:6141: checking dependency style of gcc
configure:6253: result: gcc3
configure:6324: checking for ar
configure:6345: found /usr/bin/ar
configure:6356: result: ar
configure:6382: checking the archiver (ar) interface
configure:6399: gcc -c -g -O2  conftest.c >&5
configure:6399: $? = 0
configure:6402: ar cru libconftest.a conftest.o >&5
ar: `u' modifier ignored since `D' is the default (see `U')
configure:6405: $? = 0
configure:6433: result: ar
configure:6500: checking how to print strings
configure:6527: result: printf
configure:6548: checking for a sed that does not truncate output
configure:6618: result: /usr/bin/sed
configure:6636: checking for grep that handles long lines and -e
configure:6700: result: /usr/bin/grep
configure:6705: checking for egrep
configure:6773: result: /usr/bin/grep -E
configure:6778: checking for fgrep
configure:6846: result: /usr/bin/grep -F
configure:6882: checking for ld used by gcc
configure:6950: result: /usr/bin/ld
configure:6957: checking if the linker (/usr/bin/ld) is GNU ld
configure:6973: result: yes
configure:6985: checking for BSD- or MS-compatible name lister (nm)
configure:7040: result: /usr/bin/nm -B
configure:7180: checking the name lister (/usr/bin/nm -B) interface
configure:7188: gcc -c -g -O2  conftest.c >&5
configure:7191: /usr/bin/nm -B "conftest.o"
configure:7194: output
0000000000000000 B some_variable
configure:7201: result: BSD nm
configure:7204: checking whether ln -s works
configure:7208: result: yes
configure:7216: checking the maximum length of command line arguments
configure:7348: result: 1572864
configure:7396: checking how to convert x86_64-pc-linux-gnu file names to x86_64-pc-linux-gnu format
configure:7437: result: func_convert_file_noop
configure:7444: checking how to convert x86_64-pc-linux-gnu file names to toolchain format
configure:7465: result: func_convert_file_noop
configure:7472: checking for /usr/bin/ld option to reload object files
configure:7480: result: -r
configure:7559: checking for file
configure:7580: found /usr/bin/file
configure:7591: result: file
configure:7667: checking for objdump
configure:7688: found /usr/bin/objdump
configure:7699: result: objdump
configure:7731: checking how to recognize dependent libraries
configure:7932: result: pass_all
configure:8022: checking for dlltool
configure:8057: result: no
configure:8087: checking how to associate runtime and link libraries
configure:8115: result: printf %s\n
configure:8265: checking for archiver @FILE support
configure:8283: gcc -c -g -O2  conftest.c >&5
configure:8283: $? = 0
configure:8287: ar cr libconftest.a @conftest.lst >&5
configure:8290: $? = 0
configure:8295: ar cr libconftest.a @conftest.lst >&5
ar: conftest.o: No such file or directory
configure:8298: $? = 1
configure:8310: result: @
configure:8373: checking for strip
configure:8394: found /usr/bin/strip
configure:8405: result: strip
configure:8482: checking for ranlib
configure:8503: found /usr/bin/ranlib
configure:8514: result: ranlib
configure:8616: checking command to parse /usr/bin/nm -B output from gcc object
configure:8770: gcc -c -g -O2  conftest.c >&5
configure:8773: $? = 0
configure:8777: /usr/bin/nm -B conftest.o | /usr/bin/sed -n -e 's/^.*[	 ]\([ABCDGIRSTW][ABCDGIRSTW]*\)[	 ][	 ]*\([_A-Za-z][_A-Za-z0-9]*\)$/\1 \2 \2/p' | /usr/bin/sed '/ __gnu_lto/d' > conftest.nm
configure:8843: gcc -o conftest -g -O2   conftest.c conftstm.o >&5
configure:8846: $? = 0
configure:8884: result: ok
configure:8931: checking for sysroot
configure:8962: result: no
configure:8969: checking for a working dd
configure:9013: result: /usr/bin/dd
configure:9017: checking how to truncate binary pipes
configure:9033: result: /usr/bin/dd bs=4096 count=1
configure:9170: gcc -c -g -O2  conftest.c >&5
configure:9173: $? = 0
configure:9370: checking for mt
configure:9391: found /usr/bin/mt
configure:9402: result: mt
configure:9425: checking if mt is a manifest tool
configure:9432: mt '-?'
configure:9440: result: no
configure:10165: checking for stdio.h
configure:10165: gcc -c -g -O2  conftest.c >&5
configure:10165: $? = 0
configure:10165: result: yes
configure:10165: checking for stdlib.h
configure:10165: gcc -c -g -O2  conftest.c >&5
configure:10165: $? = 0
configure:10165: result: yes
configure:10165: checking for string.h
configure:10165: gcc -c -g -O2  conftest.c >&5
configure:10165: $? = 0
configure:10165: result: yes
configure:10165: checking for inttypes.h
configure:10165: gcc -c -g -O2  conftest.c >&5
configure:10165: $? = 0
configure:10165: result: yes
configure:10165: checking for stdint.h
configure:10165: gcc -c -g -O2  conftest.c >&5
configure:10165: $? = 0
configure:10165: result: yes
configure:10165: checking for strings.h
configure:10165: gcc -c -g -O2  conftest.c >&5
configure:10165: $? = 0
configure:10165: result: yes
configure:10165: checking for sys/stat.h
configure:10165: gcc -c -g -O2  conftest.c >&5
configure:10165: $? = 0
configure:10165: result: yes
configure:10165: checking for sys/types.h
configure:10165: gcc -c -g -O2  conftest.c >&5
configure:10165: $? = 0
configure:10165: result: yes
configure:10165: checking for unistd.h
configure:10165: gcc -c -g -O2  conftest.c >&5
configure:10165: $? = 0
configure:10165: result: yes
configure:10190: checking for dlfcn.h
configure:10190: gcc -c -g -O2  conftest.c >&5
configure:10190: $? = 0
configure:10190: result: yes
configure:10460: checking for objdir
configure:10476: result: .libs
configure:10740: checking if gcc supports -fno-rtti -fno-exceptions
configure:10759: gcc -c -g -O2  -fno-rtti -fno-exceptions conftest.c >&5
cc1: warning: command-line option '-fno-rtti' is valid for C++/D/ObjC++ but not for C
configure:10763: $? = 0
configure:10776: result: no
configure:11140: checking for gcc option to produce PIC
configure:11148: result: -fPIC -DPIC
configure:11156: checking if gcc PIC flag -fPIC -DPIC works
configure:11175: gcc -c -g -O2  -fPIC -DPIC -DPIC conftest.c >&5
configure:11179: $? = 0
configure:11192: result: yes
configure:11221: checking if gcc static flag -static works
configure:11250: result: yes
configure:11265: checking if gcc supports -c -o file.o
configure:11287: gcc -c -g -O2  -o out/conftest2.o conftest.c >&5
configure:11291: $? = 0
configure:11313: result: yes
configure:11321: checking if gcc supports -c -o file.o
configure:11369: result: yes
configure:11402: checking whether the gcc linker (/usr/bin/ld -m elf_x86_64) supports shared libraries
configure:12676: result: yes
configure:12713: checking whether -lc should be explicitly linked in
configure:12722: gcc -c -g -O2  conftest.c >&5
configure:12725: $? = 0
configure:12740: gcc -shared  -fPIC -DPIC conftest.o  -v -Wl,-soname -Wl,conftest -o conftest 2\>\&1 \| /usr/bin/grep  -lc  \>/dev/null 2\>\&1
configure:12743: $? = 0
configure:12757: result: no
configure:12917: checking dynamic linker characteristics
configure:13499: gcc -o conftest -g -O2   -Wl,-rpath -Wl,/foo conftest.c  >&5
configure:13499: $? = 0
configure:13750: result: GNU/Linux ld.so
configure:13872: checking how to hardcode library paths into programs
configure:13897: result: immediate
configure:14449: checking whether stripping libraries is possible
configure:14458: result: yes
configure:14500: checking if libtool supports shared libraries
configure:14502: result: yes
configure:14505: checking whether to build shared libraries
configure:14530: result: yes
configure:14533: checking whether to build static libraries
configure:14537: result: yes
configure:14560: checking how to run the C++ preprocessor
configure:14582: g++ -E  conftest.cpp
configure:14582: $? = 0
configure:14597: g++ -E  conftest.cpp
conftest.cpp:23:10: fatal error: ac_nonexistent.h: No such file or directory
   23 | #include <ac_nonexistent.h>
      |          ^~~~~~~~~~~~~~~~~~
compilation terminated.
configure:14597: $? = 1
configure: failed program was:
| /* confdefs.h */
| #define PACKAGE_NAME "FileZilla Server"
| #define PACKAGE_TARNAME "filezilla-server"
| #define PACKAGE_VERSION "1.7.3"
| #define PACKAGE_STRING "FileZilla Server 1.7.3"
| #define PACKAGE_BUGREPORT "Tim Kosse <tim.kosse@filezilla-project.org>"
| #define PACKAGE_URL "https://filezilla-project.org/"
| #define PACKAGE "filezilla-server"
| #define VERSION "1.7.3"
| #define HAVE_STDIO_H 1
| #define HAVE_STDLIB_H 1
| #define HAVE_STRING_H 1
| #define HAVE_INTTYPES_H 1
| #define HAVE_STDINT_H 1
| #define HAVE_STRINGS_H 1
| #define HAVE_SYS_STAT_H 1
| #define HAVE_SYS_TYPES_H 1
| #define HAVE_UNISTD_H 1
| #define STDC_HEADERS 1
| #define HAVE_DLFCN_H 1
| #define LT_OBJDIR ".libs/"
| /* end confdefs.h.  */
| #include <ac_nonexistent.h>
configure:14624: result: g++ -E
configure:14638: g++ -E  conftest.cpp
configure:14638: $? = 0
configure:14653: g++ -E  conftest.cpp
conftest.cpp:23:10: fatal error: ac_nonexistent.h: No such file or directory
   23 | #include <ac_nonexistent.h>
      |          ^~~~~~~~~~~~~~~~~~
compilation terminated.
configure:14653: $? = 1
configure: failed program was:
| /* confdefs.h */
| #define PACKAGE_NAME "FileZilla Server"
| #define PACKAGE_TARNAME "filezilla-server"
| #define PACKAGE_VERSION "1.7.3"
| #define PACKAGE_STRING "FileZilla Server 1.7.3"
| #define PACKAGE_BUGREPORT "Tim Kosse <tim.kosse@filezilla-project.org>"
| #define PACKAGE_URL "https://filezilla-project.org/"
| #define PACKAGE "filezilla-server"
| #define VERSION "1.7.3"
| #define HAVE_STDIO_H 1
| #define HAVE_STDLIB_H 1
| #define HAVE_STRING_H 1
| #define HAVE_INTTYPES_H 1
| #define HAVE_STDINT_H 1
| #define HAVE_STRINGS_H 1
| #define HAVE_SYS_STAT_H 1
| #define HAVE_SYS_TYPES_H 1
| #define HAVE_UNISTD_H 1
| #define STDC_HEADERS 1
| #define HAVE_DLFCN_H 1
| #define LT_OBJDIR ".libs/"
| /* end confdefs.h.  */
| #include <ac_nonexistent.h>
configure:14818: checking for ld used by g++
configure:14886: result: /usr/bin/ld -m elf_x86_64
configure:14893: checking if the linker (/usr/bin/ld -m elf_x86_64) is GNU ld
configure:14909: result: yes
configure:14964: checking whether the g++ linker (/usr/bin/ld -m elf_x86_64) supports shared libraries
configure:16042: result: yes
configure:16078: g++ -c -g -O2  conftest.cpp >&5
configure:16081: $? = 0
configure:16562: checking for g++ option to produce PIC
configure:16570: result: -fPIC -DPIC
configure:16578: checking if g++ PIC flag -fPIC -DPIC works
configure:16597: g++ -c -g -O2  -fPIC -DPIC -DPIC conftest.cpp >&5
configure:16601: $? = 0
configure:16614: result: yes
configure:16637: checking if g++ static flag -static works
configure:16666: result: yes
configure:16678: checking if g++ supports -c -o file.o
configure:16700: g++ -c -g -O2  -o out/conftest2.o conftest.cpp >&5
configure:16704: $? = 0
configure:16726: result: yes
configure:16731: checking if g++ supports -c -o file.o
configure:16779: result: yes
configure:16809: checking whether the g++ linker (/usr/bin/ld -m elf_x86_64) supports shared libraries
configure:16852: result: yes
configure:16994: checking dynamic linker characteristics
configure:17754: result: GNU/Linux ld.so
configure:17819: checking how to hardcode library paths into programs
configure:17844: result: immediate
configure:17927: checking which build type to use
configure:17935: result: official
configure:17950: checking for special C compiler options needed for large files
configure:17998: result: no
configure:18004: checking for _FILE_OFFSET_BITS value needed for large files
configure:18030: gcc -c -g -O2  conftest.c >&5
configure:18030: $? = 0
configure:18064: result: no
configure:18195: checking for objdump
configure:18227: result: objdump
configure:18297: checking for strip
configure:18329: result: strip
configure:18366: checking whether g++ supports C++17 features with -std=c++17
configure:19163: g++ -std=c++17 -c -g -O2  conftest.cpp >&5
configure:19163: $? = 0
configure:19173: result: yes
configure:19221: checking for whether we need -stdlib=libc++
configure:19243: g++ -std=c++17 -c -g -O2  conftest.cpp >&5
configure:19243: $? = 0
configure:19246: result: no
configure:19359: checking for pkg-config
configure:19382: found /usr/bin/pkg-config
configure:19394: result: /usr/bin/pkg-config
configure:19419: checking pkg-config is at least version 0.9.0
configure:19422: result: yes
configure:19432: checking for libfilezilla >= 0.43.0
configure:19439: $PKG_CONFIG --exists --print-errors "libfilezilla >= 0.43.0"
configure:19442: $? = 0
configure:19456: $PKG_CONFIG --exists --print-errors "libfilezilla >= 0.43.0"
configure:19459: $? = 0
configure:19501: result: yes
configure:19565: checking for CPU word size
configure:19567: gcc -o conftest -g -O2   conftest.c  >&5
configure:19567: $? = 0
configure:19567: ./conftest
configure:19567: $? = 0
configure:19579: result: 64 bits
configure:19654: checking for wx-config
configure:19678: found /usr/bin/wx-config
configure:19691: result: /usr/bin/wx-config
configure:19709: checking for wxWidgets version >= 3.0.4 (--unicode=yes --universal=no)
configure:19752: result: yes (version 3.2.2)
configure:19756: checking for wxWidgets static library
configure:19760: result: no
configure:19937: checking positional printf argument support in wxWidgets
configure:19955: g++ -std=c++17 -c -g -O2   -I/usr/lib/x86_64-linux-gnu/wx/include/gtk3-unicode-3.2 -I/usr/include/wx-3.2 -D_FILE_OFFSET_BITS=64 -DWXUSINGDLL -D__WXGTK__ conftest.cpp >&5
configure:19955: $? = 0
configure:19957: result: yes
configure:19972: checking GUI support in wxWidgets
configure:19990: g++ -std=c++17 -c -g -O2   -I/usr/lib/x86_64-linux-gnu/wx/include/gtk3-unicode-3.2 -I/usr/include/wx-3.2 -D_FILE_OFFSET_BITS=64 -DWXUSINGDLL -D__WXGTK__ conftest.cpp >&5
configure:19990: $? = 0
configure:19992: result: yes
configure:20012: checking whether the linker accepts -Wl,--dynamicbase
configure:20032: g++ -std=c++17 -o conftest -g -O2    -Wl,--dynamicbase conftest.cpp  >&5
/usr/bin/ld: unrecognized option '--dynamicbase'
/usr/bin/ld: use the --help option for usage information
collect2: error: ld returned 1 exit status
configure:20032: $? = 1
configure: failed program was:
| /* confdefs.h */
| #define PACKAGE_NAME "FileZilla Server"
| #define PACKAGE_TARNAME "filezilla-server"
| #define PACKAGE_VERSION "1.7.3"
| #define PACKAGE_STRING "FileZilla Server 1.7.3"
| #define PACKAGE_BUGREPORT "Tim Kosse <tim.kosse@filezilla-project.org>"
| #define PACKAGE_URL "https://filezilla-project.org/"
| #define PACKAGE "filezilla-server"
| #define VERSION "1.7.3"
| #define HAVE_STDIO_H 1
| #define HAVE_STDLIB_H 1
| #define HAVE_STRING_H 1
| #define HAVE_INTTYPES_H 1
| #define HAVE_STDINT_H 1
| #define HAVE_STRINGS_H 1
| #define HAVE_SYS_STAT_H 1
| #define HAVE_SYS_TYPES_H 1
| #define HAVE_UNISTD_H 1
| #define STDC_HEADERS 1
| #define HAVE_DLFCN_H 1
| #define LT_OBJDIR ".libs/"
| #define FZ_BUILD_TYPE official
| #define HAVE_CXX17 1
| #define FZ_BUILD_HOST "x86_64-pc-linux-gnu"
| /* end confdefs.h.  */
| 
| int
| main (void)
| {
| 
|   ;
|   return 0;
| }
configure:20042: result: no
configure:20083: checking whether the linker accepts -Wl,--high-entropy-va
configure:20103: g++ -std=c++17 -o conftest -g -O2    -Wl,--high-entropy-va conftest.cpp  >&5
/usr/bin/ld: unrecognized option '--high-entropy-va'
/usr/bin/ld: use the --help option for usage information
collect2: error: ld returned 1 exit status
configure:20103: $? = 1
configure: failed program was:
| /* confdefs.h */
| #define PACKAGE_NAME "FileZilla Server"
| #define PACKAGE_TARNAME "filezilla-server"
| #define PACKAGE_VERSION "1.7.3"
| #define PACKAGE_STRING "FileZilla Server 1.7.3"
| #define PACKAGE_BUGREPORT "Tim Kosse <tim.kosse@filezilla-project.org>"
| #define PACKAGE_URL "https://filezilla-project.org/"
| #define PACKAGE "filezilla-server"
| #define VERSION "1.7.3"
| #define HAVE_STDIO_H 1
| #define HAVE_STDLIB_H 1
| #define HAVE_STRING_H 1
| #define HAVE_INTTYPES_H 1
| #define HAVE_STDINT_H 1
| #define HAVE_STRINGS_H 1
| #define HAVE_SYS_STAT_H 1
| #define HAVE_SYS_TYPES_H 1
| #define HAVE_UNISTD_H 1
| #define STDC_HEADERS 1
| #define HAVE_DLFCN_H 1
| #define LT_OBJDIR ".libs/"
| #define FZ_BUILD_TYPE official
| #define HAVE_CXX17 1
| #define FZ_BUILD_HOST "x86_64-pc-linux-gnu"
| /* end confdefs.h.  */
| 
| int
| main (void)
| {
| 
|   ;
|   return 0;
| }
configure:20113: result: no
configure:20154: checking whether the linker accepts -Wl,--nxcompat
configure:20174: g++ -std=c++17 -o conftest -g -O2    -Wl,--nxcompat conftest.cpp  >&5
/usr/bin/ld: unrecognized option '--nxcompat'
/usr/bin/ld: use the --help option for usage information
collect2: error: ld returned 1 exit status
configure:20174: $? = 1
configure: failed program was:
| /* confdefs.h */
| #define PACKAGE_NAME "FileZilla Server"
| #define PACKAGE_TARNAME "filezilla-server"
| #define PACKAGE_VERSION "1.7.3"
| #define PACKAGE_STRING "FileZilla Server 1.7.3"
| #define PACKAGE_BUGREPORT "Tim Kosse <tim.kosse@filezilla-project.org>"
| #define PACKAGE_URL "https://filezilla-project.org/"
| #define PACKAGE "filezilla-server"
| #define VERSION "1.7.3"
| #define HAVE_STDIO_H 1
| #define HAVE_STDLIB_H 1
| #define HAVE_STRING_H 1
| #define HAVE_INTTYPES_H 1
| #define HAVE_STDINT_H 1
| #define HAVE_STRINGS_H 1
| #define HAVE_SYS_STAT_H 1
| #define HAVE_SYS_TYPES_H 1
| #define HAVE_UNISTD_H 1
| #define STDC_HEADERS 1
| #define HAVE_DLFCN_H 1
| #define LT_OBJDIR ".libs/"
| #define FZ_BUILD_TYPE official
| #define HAVE_CXX17 1
| #define FZ_BUILD_HOST "x86_64-pc-linux-gnu"
| /* end confdefs.h.  */
| 
| int
| main (void)
| {
| 
|   ;
|   return 0;
| }
configure:20184: result: no
configure:20717: checking for cppunit >= 1.13.0
configure:20724: $PKG_CONFIG --exists --print-errors "cppunit >= 1.13.0"
Package cppunit was not found in the pkg-config search path.
Perhaps you should add the directory containing `cppunit.pc'
to the PKG_CONFIG_PATH environment variable
Package 'cppunit', required by 'virtual:world', not found
configure:20727: $? = 1
configure:20741: $PKG_CONFIG --exists --print-errors "cppunit >= 1.13.0"
Package cppunit was not found in the pkg-config search path.
Perhaps you should add the directory containing `cppunit.pc'
to the PKG_CONFIG_PATH environment variable
Package 'cppunit', required by 'virtual:world', not found
configure:20744: $? = 1
configure:20758: result: no
Package 'cppunit', required by 'virtual:world', not found
configure:20811: checking for makensis
configure:20849: result: no
configure:20874: checking for dpkg-architecture
configure:20897: found /usr/bin/dpkg-architecture
configure:20909: result: /usr/bin/dpkg-architecture
configure:20919: checking for dpkg-deb
configure:20942: found /usr/bin/dpkg-deb
configure:20954: result: /usr/bin/dpkg-deb
configure:20963: checking whether we can build deb packages
configure:20982: result: yes
configure:21030: checking whether to use windres
configure:21145: result: no
configure:21360: Using builtin pugixml
configure:21671: checking that generated files are newer than configure
configure:21677: result: done
configure:21740: creating ./config.status

## ---------------------- ##
## Running config.status. ##
## ---------------------- ##

This file was extended by FileZilla Server config.status 1.7.3, which was
generated by GNU Autoconf 2.71.  Invocation command line was

  CONFIG_FILES    = 
  CONFIG_HEADERS  = 
  CONFIG_LINKS    = 
  CONFIG_COMMANDS = 
  $ ./config.status 

on kali

config.status:1244: creating Makefile
config.status:1244: creating src/Makefile
config.status:1244: creating src/filezilla/Makefile
config.status:1244: creating src/server/Makefile
config.status:1244: creating src/gui/Makefile
config.status:1244: creating src/tools/Makefile
config.status:1244: creating src/tools/configconverter/Makefile
config.status:1244: creating src/tools/crypt/Makefile
config.status:1244: creating src/tools/impersonator/Makefile
config.status:1244: creating res/Makefile
config.status:1244: creating res/filezilla-server-gui.manifest.xml
config.status:1244: creating res/filezilla-server-gui.version.rc
config.status:1244: creating res/filezilla-server.version.rc
config.status:1244: creating res/org.filezilla-project.filezilla-server.service.plist
config.status:1244: creating res/share/Makefile
config.status:1244: creating res/share/icons/Makefile
config.status:1244: creating res/share/icons/hicolor/Makefile
config.status:1244: creating pkg/Makefile
config.status:1244: creating pkg/windows/Makefile
config.status:1244: creating pkg/windows/install.nsi
config.status:1244: creating pkg/unix/Makefile
config.status:1244: creating pkg/unix/control
config.status:1244: creating pkg/unix/templates
config.status:1244: creating pkg/unix/filezilla-server-gui.desktop
config.status:1244: creating pkg/mac/Makefile
config.status:1244: creating pkg/mac/Info.plist
config.status:1244: creating pkg/mac/server.dist
config.status:1244: creating pkg/mac/component.plist
config.status:1244: creating demos/Makefile
config.status:1244: creating tests/Makefile
config.status:1244: creating pkg/mac/scripts/service/postinstall
config.status:1244: creating src/config.hpp
config.status:1473: executing depfiles commands
config.status:1550: cd src/filezilla       && sed -e '/# am--include-marker/d' Makefile         | make -f - am--depfiles
config.status:1555: $? = 0
config.status:1550: cd src/server       && sed -e '/# am--include-marker/d' Makefile         | make -f - am--depfiles
config.status:1555: $? = 0
config.status:1550: cd src/gui       && sed -e '/# am--include-marker/d' Makefile         | make -f - am--depfiles
config.status:1555: $? = 0
config.status:1550: cd src/tools/configconverter       && sed -e '/# am--include-marker/d' Makefile         | make -f - am--depfiles
config.status:1555: $? = 0
config.status:1550: cd src/tools/crypt       && sed -e '/# am--include-marker/d' Makefile         | make -f - am--depfiles
config.status:1555: $? = 0
config.status:1550: cd src/tools/impersonator       && sed -e '/# am--include-marker/d' Makefile         | make -f - am--depfiles
config.status:1555: $? = 0
config.status:1550: cd demos       && sed -e '/# am--include-marker/d' Makefile         | make -f - am--depfiles
config.status:1555: $? = 0
config.status:1550: cd tests       && sed -e '/# am--include-marker/d' Makefile         | make -f - am--depfiles
config.status:1555: $? = 0
config.status:1473: executing libtool commands
config.status:1473: executing determine-execobjdir commands
config.status:2296: checking Which directory are executables built in
config.status:2299: result: .

## ---------------- ##
## Cache variables. ##
## ---------------- ##

ac_cv_build=x86_64-pc-linux-gnu
ac_cv_c_compiler_gnu=yes
ac_cv_cxx_compiler_gnu=yes
ac_cv_env_CCC_set=
ac_cv_env_CCC_value=
ac_cv_env_CC_set=
ac_cv_env_CC_value=
ac_cv_env_CFLAGS_set=
ac_cv_env_CFLAGS_value=
ac_cv_env_CPPFLAGS_set=
ac_cv_env_CPPFLAGS_value=
ac_cv_env_CPPUNIT_CFLAGS_set=
ac_cv_env_CPPUNIT_CFLAGS_value=
ac_cv_env_CPPUNIT_LIBS_set=
ac_cv_env_CPPUNIT_LIBS_value=
ac_cv_env_CXXCPP_set=
ac_cv_env_CXXCPP_value=
ac_cv_env_CXXFLAGS_set=
ac_cv_env_CXXFLAGS_value=
ac_cv_env_CXX_set=
ac_cv_env_CXX_value=
ac_cv_env_LDFLAGS_set=
ac_cv_env_LDFLAGS_value=
ac_cv_env_LIBFILEZILLA_CFLAGS_set=
ac_cv_env_LIBFILEZILLA_CFLAGS_value=
ac_cv_env_LIBFILEZILLA_LIBS_set=
ac_cv_env_LIBFILEZILLA_LIBS_value=
ac_cv_env_LIBS_set=
ac_cv_env_LIBS_value=
ac_cv_env_LT_SYS_LIBRARY_PATH_set=
ac_cv_env_LT_SYS_LIBRARY_PATH_value=
ac_cv_env_OBJCXXFLAGS_set=
ac_cv_env_OBJCXXFLAGS_value=
ac_cv_env_OBJCXX_set=
ac_cv_env_OBJCXX_value=
ac_cv_env_PKG_CONFIG_LIBDIR_set=
ac_cv_env_PKG_CONFIG_LIBDIR_value=
ac_cv_env_PKG_CONFIG_PATH_set=
ac_cv_env_PKG_CONFIG_PATH_value=
ac_cv_env_PKG_CONFIG_set=
ac_cv_env_PKG_CONFIG_value=
ac_cv_env_build_alias_set=
ac_cv_env_build_alias_value=
ac_cv_env_host_alias_set=
ac_cv_env_host_alias_value=
ac_cv_env_target_alias_set=
ac_cv_env_target_alias_value=
ac_cv_header_dlfcn_h=yes
ac_cv_header_inttypes_h=yes
ac_cv_header_stdint_h=yes
ac_cv_header_stdio_h=yes
ac_cv_header_stdlib_h=yes
ac_cv_header_string_h=yes
ac_cv_header_strings_h=yes
ac_cv_header_sys_stat_h=yes
ac_cv_header_sys_types_h=yes
ac_cv_header_unistd_h=yes
ac_cv_host=x86_64-pc-linux-gnu
ac_cv_objcxx_compiler_gnu=no
ac_cv_objext=o
ac_cv_path_DPKG_ARCHITECTURE=/usr/bin/dpkg-architecture
ac_cv_path_DPKG_DEB=/usr/bin/dpkg-deb
ac_cv_path_EGREP='/usr/bin/grep -E'
ac_cv_path_FGREP='/usr/bin/grep -F'
ac_cv_path_GREP=/usr/bin/grep
ac_cv_path_SED=/usr/bin/sed
ac_cv_path_WX_CONFIG_PATH=/usr/bin/wx-config
ac_cv_path_ac_pt_PKG_CONFIG=/usr/bin/pkg-config
ac_cv_path_install='/usr/bin/install -c'
ac_cv_path_lt_DD=/usr/bin/dd
ac_cv_path_mkdir=/usr/bin/mkdir
ac_cv_prog_AWK=gawk
ac_cv_prog_CXXCPP='g++ -E'
ac_cv_prog_ac_ct_AR=ar
ac_cv_prog_ac_ct_CC=gcc
ac_cv_prog_ac_ct_CXX=g++
ac_cv_prog_ac_ct_FILECMD=file
ac_cv_prog_ac_ct_MANIFEST_TOOL=mt
ac_cv_prog_ac_ct_OBJCXX=g++
ac_cv_prog_ac_ct_OBJDUMP=objdump
ac_cv_prog_ac_ct_RANLIB=ranlib
ac_cv_prog_ac_ct_STRIP=strip
ac_cv_prog_cc_c11=
ac_cv_prog_cc_g=yes
ac_cv_prog_cc_stdc=
ac_cv_prog_cxx_cxx11=
ac_cv_prog_cxx_g=yes
ac_cv_prog_cxx_stdcxx=
ac_cv_prog_make_make_set=yes
ac_cv_prog_objcxx_g=no
ac_cv_sys_file_offset_bits=no
ac_cv_sys_largefile_CC=no
am_cv_CC_dependencies_compiler_type=gcc3
am_cv_CXX_dependencies_compiler_type=gcc3
am_cv_OBJCXX_dependencies_compiler_type=gcc3
am_cv_ar_interface=ar
am_cv_make_support_nested_variables=yes
am_cv_prog_cc_c_o=yes
am_cv_prog_tar_ustar=gnutar
ax_cv_check_ldflags___Wl___dynamicbase=no
ax_cv_check_ldflags___Wl___high_entropy_va=no
ax_cv_check_ldflags___Wl___nxcompat=no
ax_cv_cxx_compile_cxx17__std_cpp17=yes
lt_cv_ar_at_file=@
lt_cv_archive_cmds_need_lc=no
lt_cv_deplibs_check_method=pass_all
lt_cv_file_magic_cmd='$MAGIC_CMD'
lt_cv_file_magic_test_file=
lt_cv_ld_reload_flag=-r
lt_cv_nm_interface='BSD nm'
lt_cv_objdir=.libs
lt_cv_path_LD=/usr/bin/ld
lt_cv_path_LDCXX='/usr/bin/ld -m elf_x86_64'
lt_cv_path_NM='/usr/bin/nm -B'
lt_cv_path_mainfest_tool=no
lt_cv_prog_compiler_c_o=yes
lt_cv_prog_compiler_c_o_CXX=yes
lt_cv_prog_compiler_pic='-fPIC -DPIC'
lt_cv_prog_compiler_pic_CXX='-fPIC -DPIC'
lt_cv_prog_compiler_pic_works=yes
lt_cv_prog_compiler_pic_works_CXX=yes
lt_cv_prog_compiler_rtti_exceptions=no
lt_cv_prog_compiler_static_works=yes
lt_cv_prog_compiler_static_works_CXX=yes
lt_cv_prog_gnu_ld=yes
lt_cv_prog_gnu_ldcxx=yes
lt_cv_sharedlib_from_linklib_cmd='printf %s\n'
lt_cv_shlibpath_overrides_runpath=yes
lt_cv_sys_global_symbol_pipe='/usr/bin/sed -n -e '\''s/^.*[	 ]\([ABCDGIRSTW][ABCDGIRSTW]*\)[	 ][	 ]*\([_A-Za-z][_A-Za-z0-9]*\)$/\1 \2 \2/p'\'' | /usr/bin/sed '\''/ __gnu_lto/d'\'''
lt_cv_sys_global_symbol_to_c_name_address='/usr/bin/sed -n -e '\''s/^: \(.*\) .*$/  {"\1", (void *) 0},/p'\'' -e '\''s/^[ABCDGIRSTW][ABCDGIRSTW]* .* \(.*\)$/  {"\1", (void *) \&\1},/p'\'''
lt_cv_sys_global_symbol_to_c_name_address_lib_prefix='/usr/bin/sed -n -e '\''s/^: \(.*\) .*$/  {"\1", (void *) 0},/p'\'' -e '\''s/^[ABCDGIRSTW][ABCDGIRSTW]* .* \(lib.*\)$/  {"\1", (void *) \&\1},/p'\'' -e '\''s/^[ABCDGIRSTW][ABCDGIRSTW]* .* \(.*\)$/  {"lib\1", (void *) \&\1},/p'\'''
lt_cv_sys_global_symbol_to_cdecl='/usr/bin/sed -n -e '\''s/^T .* \(.*\)$/extern int \1();/p'\'' -e '\''s/^[ABCDGIRSTW][ABCDGIRSTW]* .* \(.*\)$/extern char \1;/p'\'''
lt_cv_sys_global_symbol_to_import=
lt_cv_sys_max_cmd_len=1572864
lt_cv_to_host_file_cmd=func_convert_file_noop
lt_cv_to_tool_file_cmd=func_convert_file_noop
lt_cv_truncate_bin='/usr/bin/dd bs=4096 count=1'
pkg_cv_LIBFILEZILLA_CFLAGS='-I/usr/include/p11-kit-1 '
pkg_cv_LIBFILEZILLA_LIBS='-lfilezilla -lpthread '

## ----------------- ##
## Output variables. ##
## ----------------- ##

ACLOCAL='${SHELL} '\''/home/kali/demo/filezilla-server-1.7.3/config/missing'\'' aclocal-1.16'
AMDEPBACKSLASH='\'
AMDEP_FALSE='#'
AMDEP_TRUE=''
AMTAR='$${TAR-tar}'
AM_BACKSLASH='\'
AM_DEFAULT_V='$(AM_DEFAULT_VERBOSITY)'
AM_DEFAULT_VERBOSITY='1'
AM_V='$(V)'
AR='ar'
AUTOCONF='${SHELL} '\''/home/kali/demo/filezilla-server-1.7.3/config/missing'\'' autoconf'
AUTOHEADER='${SHELL} '\''/home/kali/demo/filezilla-server-1.7.3/config/missing'\'' autoheader'
AUTOMAKE='${SHELL} '\''/home/kali/demo/filezilla-server-1.7.3/config/missing'\'' automake-1.16'
AWK='gawk'
CC='gcc'
CCDEPMODE='depmode=gcc3'
CFBUNDLEIDSUFFIX=''
CFLAGS='-g -O2'
CPPFLAGS=''
CPPUNIT_CFLAGS=''
CPPUNIT_LIBS=''
CSCOPE='cscope'
CTAGS='ctags'
CXX='g++ -std=c++17'
CXXCPP='g++ -E -std=c++17'
CXXDEPMODE='depmode=gcc3'
CXXFLAGS='-g -O2'
CYGPATH_W='echo'
DEB_TARGET_ARCH='amd64'
DEFS='-DHAVE_CONFIG_H'
DEPDIR='.deps'
DIST_ONLY_FALSE=''
DIST_ONLY_TRUE='#'
DLLTOOL='false'
DPKG_ARCHITECTURE='/usr/bin/dpkg-architecture'
DPKG_DEB='/usr/bin/dpkg-deb'
DSYMUTIL=''
DUMPBIN=''
ECHO_C=''
ECHO_N='-n'
ECHO_T=''
EGREP='/usr/bin/grep -E'
ETAGS='etags'
EXEC_OBJDIR=''
EXEEXT=''
FGREP='/usr/bin/grep -F'
FILECMD='file'
FZ_BITS='64'
FZ_MAC_FALSE=''
FZ_MAC_TRUE='#'
FZ_UNIX_FALSE='#'
FZ_UNIX_TRUE=''
FZ_WINDOWS_FALSE=''
FZ_WINDOWS_TRUE='#'
GREP='/usr/bin/grep'
HAS_MAKENSIS=''
HAS_MAKENSIS_FALSE=''
HAS_MAKENSIS_TRUE='#'
HAVE_CPPUNIT_FALSE=''
HAVE_CPPUNIT_TRUE='#'
HAVE_CXX17='1'
HAVE_LIBPUGIXML_FALSE=''
HAVE_LIBPUGIXML_TRUE='#'
INSTALL_DATA='${INSTALL} -m 644'
INSTALL_PROGRAM='${INSTALL}'
INSTALL_SCRIPT='${INSTALL}'
INSTALL_STRIP_PROGRAM='$(install_sh) -c -s'
LD='/usr/bin/ld -m elf_x86_64'
LDFLAGS=''
LIBFILEZILLA_CFLAGS='-I/usr/include/p11-kit-1 '
LIBFILEZILLA_LIBS='-lfilezilla -lpthread '
LIBOBJS=''
LIBS=''
LIBTOOL='$(SHELL) $(top_builddir)/libtool'
LIPO=''
LN_S='ln -s'
LTLIBOBJS=''
LT_SYS_LIBRARY_PATH=''
MAKEINFO='${SHELL} '\''/home/kali/demo/filezilla-server-1.7.3/config/missing'\'' makeinfo'
MAKENSIS=''
MANIFEST_TOOL=':'
MKDIR_P='/usr/bin/mkdir -p'
NM='/usr/bin/nm -B'
NMEDIT=''
OBJCXX='g++'
OBJCXXDEPMODE='depmode=gcc3'
OBJCXXFLAGS='-g -O2'
OBJDUMP='objdump'
OBJEXT='o'
OTOOL64=''
OTOOL=''
PACKAGE='filezilla-server'
PACKAGE_BUGREPORT='Tim Kosse <tim.kosse@filezilla-project.org>'
PACKAGE_NAME='FileZilla Server'
PACKAGE_NAME_WITHOUT_SPACES='FileZilla_Server'
PACKAGE_NAME_WITH_ESCAPED_SPACES='FileZilla\ Server'
PACKAGE_STRING='FileZilla Server 1.7.3'
PACKAGE_STRING_WITHOUT_SPACES='FileZilla_Server_1.7.3'
PACKAGE_TARNAME='filezilla-server'
PACKAGE_URL='https://filezilla-project.org/'
PACKAGE_VERSION='1.7.3'
PACKAGE_VERSION_MAJOR='1'
PACKAGE_VERSION_MICRO='3'
PACKAGE_VERSION_MINOR='7'
PACKAGE_VERSION_NANO='0'
PACKAGE_VERSION_SHORT='1.7.3'
PATH_SEPARATOR=':'
PKG_CONFIG='/usr/bin/pkg-config'
PKG_CONFIG_LIBDIR=''
PKG_CONFIG_PATH=''
PUGIXML_LIBS=''
RANLIB='ranlib'
SED='/usr/bin/sed'
SET_MAKE=''
SHELL='/bin/bash'
STRIP='strip'
USE_RESOURCEFILE_FALSE=''
USE_RESOURCEFILE_TRUE='#'
VERSION='1.7.3'
WINDRES=''
WINDRESFLAGS=''
WX_CFLAGS='-I/usr/lib/x86_64-linux-gnu/wx/include/gtk3-unicode-3.2 -I/usr/include/wx-3.2 -D_FILE_OFFSET_BITS=64 -DWXUSINGDLL -D__WXGTK__ -pthread'
WX_CFLAGS_ONLY='-pthread'
WX_CONFIG_PATH='/usr/bin/wx-config'
WX_CONFIG_WITH_ARGS='/usr/bin/wx-config  --unicode=yes --universal=no'
WX_CPPFLAGS='-I/usr/lib/x86_64-linux-gnu/wx/include/gtk3-unicode-3.2 -I/usr/include/wx-3.2 -D_FILE_OFFSET_BITS=64 -DWXUSINGDLL -D__WXGTK__'
WX_CXXFLAGS='-I/usr/lib/x86_64-linux-gnu/wx/include/gtk3-unicode-3.2 -I/usr/include/wx-3.2 -D_FILE_OFFSET_BITS=64 -DWXUSINGDLL -D__WXGTK__ -pthread'
WX_CXXFLAGS_ONLY=''
WX_LIBS='-L/usr/lib/x86_64-linux-gnu -pthread   -lwx_gtk3u_core-3.2 -lwx_baseu-3.2 '
WX_LIBS_STATIC=''
WX_RESCOMP=''
WX_VERSION='3.2.2'
WX_VERSION_MAJOR='3'
WX_VERSION_MICRO='2'
WX_VERSION_MINOR='2'
ac_ct_AR='ar'
ac_ct_CC='gcc'
ac_ct_CXX='g++'
ac_ct_DUMPBIN=''
ac_ct_OBJCXX='g++'
am__EXEEXT_FALSE=''
am__EXEEXT_TRUE='#'
am__fastdepCC_FALSE='#'
am__fastdepCC_TRUE=''
am__fastdepCXX_FALSE='#'
am__fastdepCXX_TRUE=''
am__fastdepOBJCXX_FALSE='#'
am__fastdepOBJCXX_TRUE=''
am__include='include'
am__isrc=''
am__leading_dot='.'
am__nodep='_no'
am__quote=''
am__tar='tar --format=ustar -chf - "$$tardir"'
am__untar='tar -xf -'
bindir='${exec_prefix}/bin'
build='x86_64-pc-linux-gnu'
build_alias=''
build_cpu='x86_64'
build_os='linux-gnu'
build_vendor='pc'
datadir='${datarootdir}'
datarootdir='${prefix}/share'
docdir='${datarootdir}/doc/${PACKAGE_TARNAME}'
dvidir='${docdir}'
exec_prefix='${prefix}'
host='x86_64-pc-linux-gnu'
host_alias=''
host_cpu='x86_64'
host_os='linux-gnu'
host_vendor='pc'
htmldir='${docdir}'
includedir='${prefix}/include'
infodir='${datarootdir}/info'
install_sh='${SHELL} /home/kali/demo/filezilla-server-1.7.3/config/install-sh'
libdir='${exec_prefix}/lib'
libexecdir='${exec_prefix}/libexec'
localedir='${datarootdir}/locale'
localstatedir='${prefix}/var'
mandir='${datarootdir}/man'
mkdir_p='$(MKDIR_P)'
oldincludedir='/usr/include'
pdfdir='${docdir}'
prefix='/usr/local'
program_transform_name='s,x,x,'
psdir='${docdir}'
runstatedir='${localstatedir}/run'
sbindir='${exec_prefix}/sbin'
sharedstatedir='${prefix}/com'
sysconfdir='${prefix}/etc'
target_alias=''

## ----------- ##
## confdefs.h. ##
## ----------- ##

/* confdefs.h */
#define PACKAGE_NAME "FileZilla Server"
#define PACKAGE_TARNAME "filezilla-server"
#define PACKAGE_VERSION "1.7.3"
#define PACKAGE_STRING "FileZilla Server 1.7.3"
#define PACKAGE_BUGREPORT "Tim Kosse <tim.kosse@filezilla-project.org>"
#define PACKAGE_URL "https://filezilla-project.org/"
#define PACKAGE "filezilla-server"
#define VERSION "1.7.3"
#define HAVE_STDIO_H 1
#define HAVE_STDLIB_H 1
#define HAVE_STRING_H 1
#define HAVE_INTTYPES_H 1
#define HAVE_STDINT_H 1
#define HAVE_STRINGS_H 1
#define HAVE_SYS_STAT_H 1
#define HAVE_SYS_TYPES_H 1
#define HAVE_UNISTD_H 1
#define STDC_HEADERS 1
#define HAVE_DLFCN_H 1
#define LT_OBJDIR ".libs/"
#define FZ_BUILD_TYPE official
#define HAVE_CXX17 1
#define FZ_BUILD_HOST "x86_64-pc-linux-gnu"
#define PACKAGE_VERSION_SHORT "1.7.3"

configure: exit 0
